
# Server
redis_version:5.0.3
redis_git_sha1:00000000
redis_git_dirty:0
redis_build_id:94145a25ce04923
redis_mode:standalone
os:Linux 4.19.0-17-amd64 x86_64
arch_bits:64
multiplexing_api:epoll
atomicvar_api:atomic-builtin
gcc_version:8.3.0
process_id:8187
run_id:716ab7248822b599219c70991ad88944e03f0c35
tcp_port:6379
uptime_in_seconds:693300
uptime_in_days:8
hz:10
configured_hz:10
lru_clock:4310939
executable:/usr/bin/redis-server
config_file:/etc/redis/redis.conf

# Clients
connected_clients:8
client_recent_max_input_buffer:1507330
client_recent_max_output_buffer:4100800
blocked_clients:0

# Memory
used_memory:11442184
used_memory_human:10.91M
used_memory_rss:30515200
used_memory_rss_human:29.10M
used_memory_peak:28400760
used_memory_peak_human:27.09M
used_memory_peak_perc:40.29%
used_memory_overhead:2933968
used_memory_startup:795664
used_memory_dataset:8508216
used_memory_dataset_perc:79.92%
allocator_allocated:15950976
allocator_active:17252352
allocator_resident:29401088
total_system_memory:8368054272
total_system_memory_human:7.79G
used_memory_lua:69632
used_memory_lua_human:68.00K
used_memory_scripts:4640
used_memory_scripts_human:4.53K
number_of_cached_scripts:4
maxmemory:4000000000
maxmemory_human:3.73G
maxmemory_policy:volatile-lru
allocator_frag_ratio:1.08
allocator_frag_bytes:1301376
allocator_rss_ratio:1.70
allocator_rss_bytes:12148736
rss_overhead_ratio:1.04
rss_overhead_bytes:1114112
mem_fragmentation_ratio:1.95
mem_fragmentation_bytes:14889736
mem_not_counted_for_evict:204
mem_replication_backlog:1048576
mem_clients_slaves:0
mem_clients_normal:168148
mem_aof_buffer:204
mem_allocator:jemalloc-5.1.0
active_defrag_running:0
lazyfree_pending_objects:0

# Persistence
loading:0
rdb_changes_since_last_save:7340172
rdb_bgsave_in_progress:0
rdb_last_save_time:1631007591
rdb_last_bgsave_status:ok
rdb_last_bgsave_time_sec:-1
rdb_current_bgsave_time_sec:-1
rdb_last_cow_size:0
aof_enabled:1
aof_rewrite_in_progress:0
aof_rewrite_scheduled:0
aof_last_rewrite_time_sec:0
aof_current_rewrite_time_sec:-1
aof_last_bgrewrite_status:ok
aof_last_write_status:ok
aof_last_cow_size:1372160
aof_current_size:46164309
aof_base_size:3564812
aof_pending_rewrite:0
aof_buffer_length:0
aof_rewrite_buffer_length:0
aof_pending_bio_fsync:0
aof_delayed_fsync:1493

# Stats
total_connections_received:91749
total_commands_processed:12039142
instantaneous_ops_per_sec:12
total_net_input_bytes:130581077346
total_net_output_bytes:1760389792
instantaneous_input_kbps:920.48
instantaneous_output_kbps:5.29
rejected_connections:0
sync_full:0
sync_partial_ok:0
sync_partial_err:0
expired_keys:0
expired_stale_perc:0.00
expired_time_cap_reached_count:0
evicted_keys:0
keyspace_hits:3
keyspace_misses:0
pubsub_channels:1
pubsub_patterns:0
latest_fork_usec:1039
migrate_cached_sockets:0
slave_expires_tracked_keys:0
active_defrag_hits:0
active_defrag_misses:0
active_defrag_key_hits:0
active_defrag_key_misses:0

# Replication
role:slave
master_host:127.0.0.2
master_port:6379
master_link_status:up
master_last_io_seconds_ago:1
master_sync_in_progress:0
slave_repl_offset:243497196702
slave_priority:101
slave_read_only:1
connected_slaves:0
master_replid:364afe7cac77b5db828a4109b21b252a2cd01c14
master_replid2:0000000000000000000000000000000000000000
master_repl_offset:243497196702
second_repl_offset:-1
repl_backlog_active:1
repl_backlog_size:1048576
repl_backlog_first_byte_offset:243496148127
repl_backlog_histlen:1048576

# CPU
used_cpu_sys:2149.825577
used_cpu_user:1079.753484
used_cpu_sys_children:25.859051
used_cpu_user_children:108.919412

# Cluster
cluster_enabled:0

# Keyspace
db0:keys=15382,expires=142,avg_ttl=0
db2:keys=271,expires=255,avg_ttl=0
db4:keys=2666,expires=0,avg_ttl=0
db8:keys=6,expires=0,avg_ttl=0