***
o2
{
    'vendor': 'MICRO-STARINTERNATIONALCO.,
    LTD',
    'mem': '1memorystick(s),
    4096MBintotal,
    Max32GB',
    'system': 'MICRO-STARINTERNATIONALCO.,
    LTDMS-B05011(SN: [

    ],
    UUID: 9B343DB6-C86A-5244-23E5-D43D7E08D91B)',
    'chassis': '',
    'serial': [

    ],
    'cpu': 'Intel(R)CorporationCorei53800MHz(Core: 4,
    Thead: 4)'
}




2016-05-03 11:29:10,432 | INFO | Inventory@_get_dmi@268 | 
o=[(0,
 {'Vendor': 'American Megatrends Inc.',
 'Characteristics': ['PCI is supported',
 'BIOS is upgradeable',
 'BIOS shadowing is allowed',
 'Boot from CD is supported',
 'Selectable boot is supported',
 'BIOS ROM is socketed',
 'EDD is supported',
 '5.25"/1.2 MB floppy services are supported (int 13h)',
 '3.5"/720 kB floppy services are supported (int 13h)',
 '3.5"/2.88 MB floppy services are supported (int 13h)',
 'Print screen service is supported (int 5h)',
 '8042 keyboard services are supported (int 9h)',
 'Serial services are supported (int 14h)',
 'Printer services are supported (int 17h)',
 'ACPI is supported',
 'USB legacy is supported',
 'BIOS boot specification is supported',
 'Targeted content distribution is supported',
 'UEFI is supported'],
 'Runtime Size': '64 kB',
 'BIOS Revision': '4.6',
 'Release Date': '08/23/2012',
 'Version': 'EB050IMS V1.1',
 'ROM Size': '3072 kB',
 'Address': '0xF0000',
 '_title': 'BIOS Information'}),
 (1,
 {'SKU Number': [],
 'UUID': '9B343DB6-C86A-5244-23E5-D43D7E08D91B',
 'Family': [],
 'Serial Number': [],
 'Version': [],
 'Product Name': 'MS-B05011',
 '_title': 'System Information',
 'Wake-up Type': 'Power Switch',
 'Manufacturer': 'MICRO-STAR INTERNATIONAL CO.,
 LTD'}),
 (2,
 {'Features': ['Board is a hosting board',
 'Board is replaceable'],
 'Asset Tag': [],
 'Location In Chassis': [],
 'Chassis Handle': '0x0003',
 'Serial Number': [],
 'Version': '100',
 'Contained Object Handles': '0',
 'Product Name': 'MS-B0501',
 'Type': 'Motherboard',
 '_title': 'Base Board Information',
 'Manufacturer': 'MICRO-STAR INTERNATIONAL CO.,
 LTD'}),
 (3,
 {'OEM Information': '0x00000000',
 'Number Of Power Cords': '1',
 'Contained Elements': '0',
 'Power Supply State': 'Safe',
 'Thermal State': 'Safe',
 'Lock': 'Not Present',
 'Height': 'Unspecified',
 'Serial Number': [],
 'Version': [],
 'Asset Tag': [],
 'SKU Number': [],
 'Boot-up State': 'Safe',
 'Security Status': 'None',
 'Type': '<OUT OF SPEC>',
 '_title': 'Chassis Information',
 'Manufacturer': 'MICRO-STAR INTERNATIONAL CO.,
 LTD'}),
 (8,
 {'External Reference Designator': 'PS2Mouse',
 'Port Type': 'Mouse Port',
 'External Connector Type': 'PS/2',
 'Internal Reference Designator': 'J1A1',
 'Internal Connector Type': 'None',
 '_title': 'Port Connector Information'}),
 (8,
 {'External Reference Designator': 'Keyboard',
 'Port Type': 'Keyboard Port',
 'External Connector Type': 'PS/2',
 'Internal Reference Designator': 'J1A1',
 'Internal Connector Type': 'None',
 '_title': 'Port Connector Information'}),
 (8,
 {'External Reference Designator': 'TV Out',
 'Port Type': 'Other',
 'External Connector Type': 'Mini Centronics Type-14',
 'Internal Reference Designator': 'J2A1',
 'Internal Connector Type': 'None',
 '_title': 'Port Connector Information'}),
 (8,
 {'External Reference Designator': 'COM A',
 'Port Type': 'Serial Port 16550A Compatible',
 'External Connector Type': 'DB-9 male',
 'Internal Reference Designator': 'J2A2A',
 'Internal Connector Type': 'None',
 '_title': 'Port Connector Information'}),
 (8,
 {'External Reference Designator': 'Video',
 'Port Type': 'Video Port',
 'External Connector Type': 'DB-15 female',
 'Internal Reference Designator': 'J2A2B',
 'Internal Connector Type': 'None',
 '_title': 'Port Connector Information'}),
 (8,
 {'External Reference Designator': 'USB1',
 'Port Type': 'USB',
 'External Connector Type': 'Access Bus (USB)',
 'Internal Reference Designator': 'J3A1',
 'Internal Connector Type': 'None',
 '_title': 'Port Connector Information'}),
 (8,
 {'External Reference Designator': 'USB2',
 'Port Type': 'USB',
 'External Connector Type': 'Access Bus (USB)',
 'Internal Reference Designator': 'J3A1',
 'Internal Connector Type': 'None',
 '_title': 'Port Connector Information'}),
 (8,
 {'External Reference Designator': 'USB3',
 'Port Type': 'USB',
 'External Connector Type': 'Access Bus (USB)',
 'Internal Reference Designator': 'J3A1',
 'Internal Connector Type': 'None',
 '_title': 'Port Connector Information'}),
 (8,
 {'External Reference Designator': 'Not Specified',
 'Port Type': 'Other',
 'External Connector Type': 'None',
 'Internal Reference Designator': 'J9A1 - TPM HDR',
 'Internal Connector Type': 'Other',
 '_title': 'Port Connector Information'}),
 (8,
 {'External Reference Designator': 'Not Specified',
 'Port Type': 'Other',
 'External Connector Type': 'None',
 'Internal Reference Designator': 'J9C1 - PCIE DOCKING CONN',
 'Internal Connector Type': 'Other',
 '_title': 'Port Connector Information'}),
 (8,
 {'External Reference Designator': 'Not Specified',
 'Port Type': 'Other',
 'External Connector Type': 'None',
 'Internal Reference Designator': 'J2B3 - CPU FAN',
 'Internal Connector Type': 'Other',
 '_title': 'Port Connector Information'}),
 (8,
 {'External Reference Designator': 'Not Specified',
 'Port Type': 'Other',
 'External Connector Type': 'None',
 'Internal Reference Designator': 'J6C2 - EXT HDMI',
 'Internal Connector Type': 'Other',
 '_title': 'Port Connector Information'}),
 (8,
 {'External Reference Designator': 'Not Specified',
 'Port Type': 'Other',
 'External Connector Type': 'None',
 'Internal Reference Designator': 'J3C1 - GMCH FAN',
 'Internal Connector Type': 'Other',
 '_title': 'Port Connector Information'}),
 (8,
 {'External Reference Designator': 'Not Specified',
 'Port Type': 'Other',
 'External Connector Type': 'None',
 'Internal Reference Designator': 'J1D1 - ITP',
 'Internal Connector Type': 'Other',
 '_title': 'Port Connector Information'}),
 (8,
 {'External Reference Designator': 'Not Specified',
 'Port Type': 'Other',
 'External Connector Type': 'None',
 'Internal Reference Designator': 'J9E2 - MDC INTPSR',
 'Internal Connector Type': 'Other',
 '_title': 'Port Connector Information'}),
 (8,
 {'External Reference Designator': 'Not Specified',
 'Port Type': 'Other',
 'External Connector Type': 'None',
 'Internal Reference Designator': 'J9E4 - MDC INTPSR',
 'Internal Connector Type': 'Other',
 '_title': 'Port Connector Information'}),
 (8,
 {'External Reference Designator': 'Not Specified',
 'Port Type': 'Other',
 'External Connector Type': 'None',
 'Internal Reference Designator': 'J9E3 - LPC HOT DOCKING',
 'Internal Connector Type': 'Other',
 '_title': 'Port Connector Information'}),
 (8,
 {'External Reference Designator': 'Not Specified',
 'Port Type': 'Other',
 'External Connector Type': 'None',
 'Internal Reference Designator': 'J9E1 - SCAN MATRIX',
 'Internal Connector Type': 'Other',
 '_title': 'Port Connector Information'}),
 (8,
 {'External Reference Designator': 'Not Specified',
 'Port Type': 'Other',
 'External Connector Type': 'None',
 'Internal Reference Designator': 'J9G1 - LPC SIDE BAND',
 'Internal Connector Type': 'Other',
 '_title': 'Port Connector Information'}),
 (8,
 {'External Reference Designator': 'Not Specified',
 'Port Type': 'Other',
 'External Connector Type': 'None',
 'Internal Reference Designator': 'J8F1 - UNIFIED',
 'Internal Connector Type': 'Other',
 '_title': 'Port Connector Information'}),
 (8,
 {'External Reference Designator': 'Not Specified',
 'Port Type': 'Other',
 'External Connector Type': 'None',
 'Internal Reference Designator': 'J6F1 - LVDS',
 'Internal Connector Type': 'Other',
 '_title': 'Port Connector Information'}),
 (8,
 {'External Reference Designator': 'Not Specified',
 'Port Type': 'Other',
 'External Connector Type': 'None',
 'Internal Reference Designator': 'J2F1 - LAI FAN',
 'Internal Connector Type': 'Other',
 '_title': 'Port Connector Information'}),
 (8,
 {'External Reference Designator': 'Not Specified',
 'Port Type': 'Other',
 'External Connector Type': 'None',
 'Internal Reference Designator': 'J2G1 - GFX VID',
 'Internal Connector Type': 'Other',
 '_title': 'Port Connector Information'}),
 (8,
 {'External Reference Designator': 'Not Specified',
 'Port Type': 'Other',
 'External Connector Type': 'None',
 'Internal Reference Designator': 'J1G6 - AC JACK',
 'Internal Connector Type': 'Other',
 '_title': 'Port Connector Information'}),
 (9,
 {'Designation': 'J6B2',
 'Current Usage': 'In Use',
 'Characteristics': ['3.3 V is provided',
 'Opening is shared',
 'PME signal is supported'],
 '_title': 'System Slot Information',
 'Length': 'Long',
 'Type': 'x16 PCI Express',
 'ID': '0',
 'Bus Address': '0000:00:01.0'}),
 (9,
 {'Designation': 'J6B1',
 'Current Usage': 'In Use',
 'Characteristics': ['3.3 V is provided',
 'Opening is shared',
 'PME signal is supported'],
 '_title': 'System Slot Information',
 'Length': 'Short',
 'Type': 'x1 PCI Express',
 'ID': '1',
 'Bus Address': '0000:00:1c.3'}),
 (9,
 {'Designation': 'J6D1',
 'Current Usage': 'In Use',
 'Characteristics': ['3.3 V is provided',
 'Opening is shared',
 'PME signal is supported'],
 '_title': 'System Slot Information',
 'Length': 'Short',
 'Type': 'x1 PCI Express',
 'ID': '2',
 'Bus Address': '0000:00:1c.4'}),
 (9,
 {'Designation': 'J7B1',
 'Current Usage': 'In Use',
 'Characteristics': ['3.3 V is provided',
 'Opening is shared',
 'PME signal is supported'],
 '_title': 'System Slot Information',
 'Length': 'Short',
 'Type': 'x1 PCI Express',
 'ID': '3',
 'Bus Address': '0000:00:1c.5'}),
 (9,
 {'Designation': 'J8B4',
 'Current Usage': 'In Use',
 'Characteristics': ['3.3 V is provided',
 'Opening is shared',
 'PME signal is supported'],
 '_title': 'System Slot Information',
 'Length': 'Short',
 'Type': 'x1 PCI Express',
 'ID': '4',
 'Bus Address': '0000:00:1c.6'}),
 (10,
 {'Status': 'Enabled',
 'Type': 'Video',
 '_title': 'On Board Device Information',
 'Description': 'To Be Filled By O.E.M.'}),
 (11,
 {'String 1': 'To Be Filled By O.E.M.',
 '_title': 'OEM Strings'}),
 (32,
 {'Status': 'No errors detected',
 '_title': 'System Boot Information'}),
 (27,
 {'Status': '<OUT OF SPEC>',
 'Description': 'Cooling Dev 1',
 'Type': '<OUT OF SPEC>',
 'Cooling Unit Group': '1',
 'Nominal Speed': 'Unknown Or Non-rotating',
 'Temperature Probe Handle': '0x0029',
 'OEM-specific Information': '0x00000000',
 '_title': 'Cooling Device'}),
 (27,
 {'Status': '<OUT OF SPEC>',
 'Description': 'Not Specified',
 'Type': '<OUT OF SPEC>',
 'Cooling Unit Group': '1',
 'Nominal Speed': 'Unknown Or Non-rotating',
 'Temperature Probe Handle': '0x0029',
 'OEM-specific Information': '0x00000000',
 '_title': 'Cooling Device'}),
 (27,
 {'Status': 'OK',
 'Description': 'Cooling Dev 1',
 'Type': 'Power Supply Fan',
 'Cooling Unit Group': '1',
 'Nominal Speed': 'Unknown Or Non-rotating',
 'Temperature Probe Handle': '0x0036',
 'OEM-specific Information': '0x00000000',
 '_title': 'Cooling Device'}),
 (41,
 {'Status': 'Enabled',
 'Type': 'Video',
 'Bus Address': '0000:00:02.0',
 'Reference Designation': 'Onboard IGD',
 'Type Instance': '1',
 '_title': 'Onboard Device'}),
 (41,
 {'Status': 'Enabled',
 'Type': 'Ethernet',
 'Bus Address': '0000:00:19.0',
 'Reference Designation': 'Onboard LAN',
 'Type Instance': '1',
 '_title': 'Onboard Device'}),
 (41,
 {'Status': 'Enabled',
 'Type': 'Other',
 'Bus Address': '0000:03:1c.2',
 'Reference Designation': 'Onboard 1394',
 'Type Instance': '1',
 '_title': 'Onboard Device'}),
 (7,
 {'System Type': 'Instruction',
 'Socket Designation': 'CPU Internal L2',
 'Installed SRAM Type': 'Unknown',
 'Associativity': '16-way Set-associative',
 'Supported SRAM Types': ['Unknown'],
 'Maximum Size': '1024 kB',
 'Operational Mode': 'Write Through',
 'Installed Size': '1024 kB',
 'Location': 'Internal',
 'Error Correction Type': 'Multi-bit ECC',
 'Configuration': 'Enabled,
 Not Socketed,
 Level 2',
 'Speed': 'Unknown',
 '_title': 'Cache Information'}),
 (7,
 {'System Type': 'Other',
 'Socket Designation': 'CPU Internal L1',
 'Installed SRAM Type': 'Unknown',
 'Associativity': '16-way Set-associative',
 'Supported SRAM Types': ['Unknown'],
 'Maximum Size': '256 kB',
 'Operational Mode': 'Write Through',
 'Installed Size': '256 kB',
 'Location': 'Internal',
 'Error Correction Type': 'Parity',
 'Configuration': 'Enabled,
 Not Socketed,
 Level 1',
 'Speed': 'Unknown',
 '_title': 'Cache Information'}),
 (7,
 {'System Type': 'Instruction',
 'Socket Designation': 'CPU Internal L3',
 'Installed SRAM Type': 'Unknown',
 'Associativity': '48-way Set-associative',
 'Supported SRAM Types': ['Unknown'],
 'Maximum Size': '6144 kB',
 'Operational Mode': 'Write Back',
 'Installed Size': '6144 kB',
 'Location': 'Internal',
 'Error Correction Type': 'Multi-bit ECC',
 'Configuration': 'Enabled,
 Not Socketed,
 Level 3',
 'Speed': 'Unknown',
 '_title': 'Cache Information'}),
 (16,
 {'Maximum Capacity': '32 GB',
 'Number Of Devices': '4',
 'Use': 'System Memory',
 'Error Information Handle': 'Not Provided',
 'Error Correction Type': 'None',
 'Location': 'System Board Or Motherboard',
 '_title': 'Physical Memory Array'}),
 (4,
 {'Upgrade': 'Socket BGA1155',
 'Socket Designation': 'SOCKET 0',
 'L2 Cache Handle': '0x003D',
 'Version': 'Intel(R) Core(TM) i5-3470S CPU @ 2.90GHz',
 'Type': 'Central Processor',
 'Core Count': '4',
 'Status': 'Populated,
 Enabled',
 'Core Enabled': '4',
 'ID': 'A9 06 03 00 FF FB EB BF',
 'External Clock': '100 MHz',
 'Serial Number': 'Not Specified',
 'Current Speed': '2900 MHz',
 'Manufacturer': 'Intel(R) Corporation',
 'L3 Cache Handle': '0x003F',
 'Asset Tag': 'Fill By OEM',
 'Flags': ['FPU (Floating-point unit on-chip)',
 'VME (Virtual mode extension)',
 'DE (Debugging extension)',
 'PSE (Page size extension)',
 'TSC (Time stamp counter)',
 'MSR (Model specific registers)',
 'PAE (Physical address extension)',
 'MCE (Machine check exception)',
 'CX8 (CMPXCHG8 instruction supported)',
 'APIC (On-chip APIC hardware supported)',
 'SEP (Fast system call)',
 'MTRR (Memory type range registers)',
 'PGE (Page global enable)',
 'MCA (Machine check architecture)',
 'CMOV (Conditional move instruction supported)',
 'PAT (Page attribute table)',
 'PSE-36 (36-bit page size extension)',
 'CLFSH (CLFLUSH instruction supported)',
 'DS (Debug store)',
 'ACPI (ACPI supported)',
 'MMX (MMX technology supported)',
 'FXSR (FXSAVE and FXSTOR instructions supported)',
 'SSE (Streaming SIMD extensions)',
 'SSE2 (Streaming SIMD extensions 2)',
 'SS (Self-snoop)',
 'HTT (Multi-threading)',
 'TM (Thermal monitor supported)',
 'PBE (Pending break enabled)'],
 'Signature': 'Type 0,
 Family 6,
 Model 58,
 Stepping 9',
 'L1 Cache Handle': '0x003E',
 '_title': 'Processor Information',
 'Part Number': 'Fill By OEM',
 'Family': 'Core i5',
 'Thread Count': '4',
 'Voltage': [],
 'Max Speed': '3800 MHz',
 'Characteristics': ['64-bit capable']}),
 (17,
 {'Manufacturer': '029E',
 'Set': 'None',
 'Rank': '1',
 'Data Width': '64 bits',
 'Part Number': 'CMV4GX3M1A1333C9',
 'Type': 'DDR3',
 'Bank Locator': 'BANK 0',
 'Speed': '1333 MHz',
 'Error Information Handle': 'Not Provided',
 'Configured Clock Speed': '1333 MHz',
 'Locator': 'ChannelA-DIMM0',
 'Serial Number': '00000000',
 'Total Width': '64 bits',
 'Asset Tag': '9876543210',
 'Type Detail': 'Synchronous',
 'Array Handle': '0x0040',
 'Form Factor': 'DIMM',
 '_title': 'Memory Device',
 'Size': '4096 MB'}),
 (17,
 {'Manufacturer': '[Empty]',
 'Set': 'None',
 'Rank': 'Unknown',
 'Data Width': 'Unknown',
 'Part Number': '[Empty]',
 'Type': 'Unknown',
 'Bank Locator': 'BANK 1',
 'Speed': 'Unknown',
 'Error Information Handle': 'Not Provided',
 'Configured Clock Speed': 'Unknown',
 'Locator': 'ChannelA-DIMM1',
 'Serial Number': '[Empty]',
 'Total Width': 'Unknown',
 'Asset Tag': '9876543210',
 'Type Detail': 'None',
 'Array Handle': '0x0040',
 'Form Factor': 'DIMM',
 '_title': 'Memory Device',
 'Size': 'No Module Installed'}),
 (17,
 {'Manufacturer': '[Empty]',
 'Set': 'None',
 'Rank': 'Unknown',
 'Data Width': 'Unknown',
 'Part Number': '[Empty]',
 'Type': 'Unknown',
 'Bank Locator': 'BANK 2',
 'Speed': 'Unknown',
 'Error Information Handle': 'Not Provided',
 'Configured Clock Speed': 'Unknown',
 'Locator': 'ChannelB-DIMM0',
 'Serial Number': '[Empty]',
 'Total Width': 'Unknown',
 'Asset Tag': '9876543210',
 'Type Detail': 'None',
 'Array Handle': '0x0040',
 'Form Factor': 'DIMM',
 '_title': 'Memory Device',
 'Size': 'No Module Installed'}),
 (17,
 {'Manufacturer': '[Empty]',
 'Set': 'None',
 'Rank': 'Unknown',
 'Data Width': 'Unknown',
 'Part Number': '[Empty]',
 'Type': 'Unknown',
 'Bank Locator': 'BANK 3',
 'Speed': 'Unknown',
 'Error Information Handle': 'Not Provided',
 'Configured Clock Speed': 'Unknown',
 'Locator': 'ChannelB-DIMM1',
 'Serial Number': '[Empty]',
 'Total Width': 'Unknown',
 'Asset Tag': '9876543210',
 'Type Detail': 'None',
 'Array Handle': '0x0040',
 'Form Factor': 'DIMM',
 '_title': 'Memory Device',
 'Size': 'No Module Installed'}),
 (19,
 {'Ending Address': '0x000FFFFFFFF',
 'Partition Width': '4',
 'Range Size': '4 GB',
 'Physical Array Handle': '0x0040',
 'Starting Address': '0x00000000000',
 '_title': 'Memory Array Mapped Address'})] 
| 140118074735664:DummyThread-3 | 21744:MainProcess

2016-05-03 11:29:10,432 | INFO | Inventory@_get_dmi@271 | 
o2=
{'vendor': 'MICRO-STAR INTERNATIONAL CO.,
 LTD',
 'mem': '1 memory stick(s),
 4096 MB in total,
 Max 32 GB',
 'system': 'MICRO-STAR INTERNATIONAL CO.,
 LTD MS-B05011 (SN: [],
 UUID: 9B343DB6-C86A-5244-23E5-D43D7E08D91B)',
 'chassis': '<OUT OF SPEC>',
 'serial': [],
 'cpu': 'Intel(R) Corporation Core i5 3800 MHz (Core: 4,
 Thead: 4)'} 
| 140118074735664:DummyThread-3 | 21744:MainProcess