{
    "username": "root",
    "num_ctx_switches": pctxsw(voluntary=320,
    involuntary=9),
    "pid": 21500,
    "memory_full_info": pfullmem(rss=29442048,
    vms=183951360,
    shared=6119424,
    text=3018752,
    lib=0,
    data=98394112,
    dirty=0,
    uss=26439680,
    pss=26632192,
    swap=0),
    "connections": [
        pconn(fd=5,
        family=2,
        type=1,
        laddr=("192.168.1.49",
        53998),
        raddr=("198.27.81.204",
        80),
        status="CLOSE_WAIT")
    ],
    "cmdline": [
        "/usr/share/python/knockdaemon2/bin/python",
        "/usr/share/python/knockdaemon2/bin/knockdaemon2",
        "-pidfile=/var/run/knockdaemon2.pid",
        "-stderr=/var/log/knockdaemon2.err",
        "-stdout=/var/log/knockdaemon2.log",
        "-maxopenfiles=4096",
        "-user=root",
        "-c=/etc/knock/knockdaemon2/knockdaemon2.ini",
        "start"
    ],
    "create_time": 1462267139.54,
    "memory_info_ex": pmem(rss=29437952,
    vms=183951360,
    shared=6119424,
    text=3018752,
    lib=0,
    data=98394112,
    dirty=0),
    "ionice": pionice(ioclass=0,
    value=0),
    "num_fds": 8,
    "memory_maps": [
        pmmap_grouped(path="/lib/x86_64-linux-gnu/librt-2.21.so",
        rss=36864,
        size=2129920,
        pss=8192,
        shared_clean=28672,
        shared_dirty=0,
        private_clean=0,
        private_dirty=8192,
        referenced=36864,
        anonymous=8192,
        swap=0),
        pmmap_grouped(path="/lib/x86_64-linux-gnu/libpthread-2.21.so",
        rss=106496,
        size=2203648,
        pss=9216,
        shared_clean=98304,
        shared_dirty=0,
        private_clean=0,
        private_dirty=8192,
        referenced=106496,
        anonymous=8192,
        swap=0),
        pmmap_grouped(path="/lib/x86_64-linux-gnu/libz.so.1.2.8",
        rss=110592,
        size=2203648,
        pss=13312,
        shared_clean=102400,
        shared_dirty=0,
        private_clean=0,
        private_dirty=8192,
        referenced=110592,
        anonymous=8192,
        swap=0),
        pmmap_grouped(path="/lib/x86_64-linux-gnu/libnss_files-2.21.so",
        rss=57344,
        size=2150400,
        pss=8192,
        shared_clean=49152,
        shared_dirty=0,
        private_clean=0,
        private_dirty=8192,
        referenced=57344,
        anonymous=8192,
        swap=0),
        pmmap_grouped(path="/usr/share/python/knockdaemon2/lib/python2.7/site-packages/gevent/ares.so",
        rss=204800,
        size=2314240,
        pss=204800,
        shared_clean=0,
        shared_dirty=0,
        private_clean=188416,
        private_dirty=16384,
        referenced=204800,
        anonymous=16384,
        swap=0),
        pmmap_grouped(path="/usr/lib/python2.7/lib-dynload/_json.x86_64-linux-gnu.so",
        rss=49152,
        size=2142208,
        pss=49152,
        shared_clean=0,
        shared_dirty=0,
        private_clean=40960,
        private_dirty=8192,
        referenced=49152,
        anonymous=8192,
        swap=0),
        pmmap_grouped(path="[vdso]",
        rss=4096,
        size=8192,
        pss=0,
        shared_clean=4096,
        shared_dirty=0,
        private_clean=0,
        private_dirty=0,
        referenced=4096,
        anonymous=0,
        swap=0),
        pmmap_grouped(path="/lib/x86_64-linux-gnu/libresolv-2.21.so",
        rss=102400,
        size=2199552,
        pss=20480,
        shared_clean=94208,
        shared_dirty=0,
        private_clean=0,
        private_dirty=8192,
        referenced=102400,
        anonymous=8192,
        swap=0),
        pmmap_grouped(path="[stack:21502]",
        rss=1069056,
        size=9437184,
        pss=1069056,
        shared_clean=0,
        shared_dirty=0,
        private_clean=0,
        private_dirty=1069056,
        referenced=1069056,
        anonymous=1069056,
        swap=0),
        pmmap_grouped(path="[vvar]",
        rss=0,
        size=8192,
        pss=0,
        shared_clean=0,
        shared_dirty=0,
        private_clean=0,
        private_dirty=0,
        referenced=0,
        anonymous=0,
        swap=0),
        pmmap_grouped(path="/lib/x86_64-linux-gnu/libutil-2.21.so",
        rss=16384,
        size=2109440,
        pss=10240,
        shared_clean=8192,
        shared_dirty=0,
        private_clean=0,
        private_dirty=8192,
        referenced=12288,
        anonymous=8192,
        swap=0),
        pmmap_grouped(path="[anon]",
        rss=11587584,
        size=78835712,
        pss=11587584,
        shared_clean=0,
        shared_dirty=0,
        private_clean=0,
        private_dirty=11587584,
        referenced=10391552,
        anonymous=11587584,
        swap=0),
        pmmap_grouped(path="/lib/x86_64-linux-gnu/libnsl-2.21.so",
        rss=73728,
        size=2195456,
        pss=9216,
        shared_clean=65536,
        shared_dirty=0,
        private_clean=0,
        private_dirty=8192,
        referenced=69632,
        anonymous=8192,
        swap=0),
        pmmap_grouped(path="/lib/x86_64-linux-gnu/libcrypto.so.1.0.0",
        rss=614400,
        size=4460544,
        pss=296960,
        shared_clean=434176,
        shared_dirty=0,
        private_clean=16384,
        private_dirty=163840,
        referenced=471040,
        anonymous=163840,
        swap=0),
        pmmap_grouped(path="/usr/lib/python2.7/lib-dynload/resource.x86_64-linux-gnu.so",
        rss=8192,
        size=2113536,
        pss=8192,
        shared_clean=0,
        shared_dirty=0,
        private_clean=0,
        private_dirty=8192,
        referenced=4096,
        anonymous=8192,
        swap=0),
        pmmap_grouped(path="/usr/share/python/knockdaemon2/bin/python2",
        rss=2539520,
        size=3510272,
        pss=2539520,
        shared_clean=0,
        shared_dirty=0,
        private_clean=2273280,
        private_dirty=266240,
        referenced=2531328,
        anonymous=266240,
        swap=0),
        pmmap_grouped(path="/usr/share/python/knockdaemon2/lib/python2.7/site-packages/markupsafe/_speedups.so",
        rss=8192,
        size=2109440,
        pss=8192,
        shared_clean=0,
        shared_dirty=0,
        private_clean=0,
        private_dirty=8192,
        referenced=0,
        anonymous=8192,
        swap=0),
        pmmap_grouped(path="/usr/share/python/knockdaemon2/lib/python2.7/site-packages/ujson.so",
        rss=49152,
        size=2146304,
        pss=49152,
        shared_clean=0,
        shared_dirty=0,
        private_clean=40960,
        private_dirty=8192,
        referenced=49152,
        anonymous=8192,
        swap=0),
        pmmap_grouped(path="/lib/x86_64-linux-gnu/libnss_dns-2.21.so",
        rss=28672,
        size=2121728,
        pss=13312,
        shared_clean=20480,
        shared_dirty=0,
        private_clean=0,
        private_dirty=8192,
        referenced=28672,
        anonymous=8192,
        swap=0),
        pmmap_grouped(path="/lib/x86_64-linux-gnu/ld-2.21.so",
        rss=147456,
        size=155648,
        pss=9216,
        shared_clean=139264,
        shared_dirty=0,
        private_clean=0,
        private_dirty=8192,
        referenced=147456,
        anonymous=8192,
        swap=0),
        pmmap_grouped(path="/usr/lib/python2.7/lib-dynload/_hashlib.x86_64-linux-gnu.so",
        rss=28672,
        size=2121728,
        pss=28672,
        shared_clean=0,
        shared_dirty=0,
        private_clean=20480,
        private_dirty=8192,
        referenced=28672,
        anonymous=8192,
        swap=0),
        pmmap_grouped(path="/usr/lib/python2.7/lib-dynload/_multiprocessing.x86_64-linux-gnu.so",
        rss=8192,
        size=2125824,
        pss=8192,
        shared_clean=0,
        shared_dirty=0,
        private_clean=0,
        private_dirty=8192,
        referenced=4096,
        anonymous=8192,
        swap=0),
        pmmap_grouped(path="/usr/share/python/knockdaemon2/lib/python2.7/site-packages/bson/_cbson.so",
        rss=8192,
        size=2146304,
        pss=8192,
        shared_clean=0,
        shared_dirty=0,
        private_clean=0,
        private_dirty=8192,
        referenced=0,
        anonymous=8192,
        swap=0),
        pmmap_grouped(path="[stack]",
        rss=65536,
        size=151552,
        pss=65536,
        shared_clean=0,
        shared_dirty=0,
        private_clean=0,
        private_dirty=65536,
        referenced=65536,
        anonymous=65536,
        swap=0),
        pmmap_grouped(path="/usr/lib/python2.7/lib-dynload/_ssl.x86_64-linux-gnu.so",
        rss=102400,
        size=2195456,
        pss=102400,
        shared_clean=0,
        shared_dirty=0,
        private_clean=81920,
        private_dirty=20480,
        referenced=90112,
        anonymous=20480,
        swap=0),
        pmmap_grouped(path="/usr/lib/python2.7/lib-dynload/_ctypes.x86_64-linux-gnu.so",
        rss=20480,
        size=2232320,
        pss=20480,
        shared_clean=0,
        shared_dirty=0,
        private_clean=0,
        private_dirty=20480,
        referenced=16384,
        anonymous=20480,
        swap=0),
        pmmap_grouped(path="/usr/share/python/knockdaemon2/lib/python2.7/site-packages/geventhttpclient/_parser.so",
        rss=32768,
        size=2129920,
        pss=32768,
        shared_clean=0,
        shared_dirty=0,
        private_clean=24576,
        private_dirty=8192,
        referenced=32768,
        anonymous=8192,
        swap=0),
        pmmap_grouped(path="/lib/x86_64-linux-gnu/libnss_compat-2.21.so",
        rss=40960,
        size=2134016,
        pss=8192,
        shared_clean=32768,
        shared_dirty=0,
        private_clean=0,
        private_dirty=8192,
        referenced=40960,
        anonymous=8192,
        swap=0),
        pmmap_grouped(path="/usr/share/python/knockdaemon2/lib/python2.7/site-packages/gevent/corecext.so",
        rss=348160,
        size=2469888,
        pss=348160,
        shared_clean=0,
        shared_dirty=0,
        private_clean=311296,
        private_dirty=36864,
        referenced=344064,
        anonymous=36864,
        swap=0),
        pmmap_grouped(path="[vsyscall]",
        rss=0,
        size=4096,
        pss=0,
        shared_clean=0,
        shared_dirty=0,
        private_clean=0,
        private_dirty=0,
        referenced=0,
        anonymous=0,
        swap=0),
        pmmap_grouped(path="/lib/x86_64-linux-gnu/libc-2.21.so",
        rss=1634304,
        size=3956736,
        pss=40960,
        shared_clean=1609728,
        shared_dirty=0,
        private_clean=0,
        private_dirty=24576,
        referenced=1634304,
        anonymous=24576,
        swap=0),
        pmmap_grouped(path="/lib/x86_64-linux-gnu/libnss_nis-2.21.so",
        rss=53248,
        size=2146304,
        pss=8192,
        shared_clean=45056,
        shared_dirty=0,
        private_clean=0,
        private_dirty=8192,
        referenced=53248,
        anonymous=8192,
        swap=0),
        pmmap_grouped(path="/usr/lib/locale/locale-archive",
        rss=0,
        size=2924544,
        pss=0,
        shared_clean=0,
        shared_dirty=0,
        private_clean=0,
        private_dirty=0,
        referenced=0,
        anonymous=0,
        swap=0),
        pmmap_grouped(path="/usr/share/python/knockdaemon2/lib/python2.7/site-packages/psutil/_psutil_linux.so",
        rss=20480,
        size=2113536,
        pss=20480,
        shared_clean=0,
        shared_dirty=0,
        private_clean=12288,
        private_dirty=8192,
        referenced=20480,
        anonymous=8192,
        swap=0),
        pmmap_grouped(path="[heap]",
        rss=9818112,
        size=9949184,
        pss=9818112,
        shared_clean=0,
        shared_dirty=0,
        private_clean=0,
        private_dirty=9818112,
        referenced=5390336,
        anonymous=9818112,
        swap=0),
        pmmap_grouped(path="/lib/x86_64-linux-gnu/libssl.so.1.0.0",
        rss=110592,
        size=2527232,
        pss=68608,
        shared_clean=65536,
        shared_dirty=0,
        private_clean=0,
        private_dirty=45056,
        referenced=69632,
        anonymous=45056,
        swap=0),
        pmmap_grouped(path="/lib/x86_64-linux-gnu/libdl-2.21.so",
        rss=20480,
        size=2113536,
        pss=8192,
        shared_clean=12288,
        shared_dirty=0,
        private_clean=0,
        private_dirty=8192,
        referenced=20480,
        anonymous=8192,
        swap=0),
        pmmap_grouped(path="/lib/x86_64-linux-gnu/libnss_mdns4_minimal.so.2",
        rss=16384,
        size=2109440,
        pss=9216,
        shared_clean=8192,
        shared_dirty=0,
        private_clean=0,
        private_dirty=8192,
        referenced=16384,
        anonymous=8192,
        swap=0),
        pmmap_grouped(path="/lib/x86_64-linux-gnu/libm-2.21.so",
        rss=147456,
        size=3178496,
        pss=11264,
        shared_clean=139264,
        shared_dirty=0,
        private_clean=0,
        private_dirty=8192,
        referenced=143360,
        anonymous=8192,
        swap=0),
        pmmap_grouped(path="/usr/lib/x86_64-linux-gnu/libffi.so.6.0.4",
        rss=36864,
        size=2129920,
        pss=9216,
        shared_clean=28672,
        shared_dirty=0,
        private_clean=0,
        private_dirty=8192,
        referenced=32768,
        anonymous=8192,
        swap=0),
        pmmap_grouped(path="/lib/x86_64-linux-gnu/libuuid.so.1.3.0",
        rss=24576,
        size=2117632,
        pss=11264,
        shared_clean=16384,
        shared_dirty=0,
        private_clean=0,
        private_dirty=8192,
        referenced=20480,
        anonymous=8192,
        swap=0),
        pmmap_grouped(path="/usr/share/python/knockdaemon2/lib/python2.7/site-packages/greenlet.so",
        rss=32768,
        size=2125824,
        pss=32768,
        shared_clean=0,
        shared_dirty=0,
        private_clean=24576,
        private_dirty=8192,
        referenced=32768,
        anonymous=8192,
        swap=0),
        pmmap_grouped(path="/usr/share/python/knockdaemon2/lib/python2.7/site-packages/psutil/_psutil_posix.so",
        rss=16384,
        size=2109440,
        pss=16384,
        shared_clean=0,
        shared_dirty=0,
        private_clean=8192,
        private_dirty=8192,
        referenced=16384,
        anonymous=8192,
        swap=0),
        pmmap_grouped(path="/usr/share/python/knockdaemon2/lib/python2.7/site-packages/gevent/_semaphore.so",
        rss=86016,
        size=2183168,
        pss=86016,
        shared_clean=0,
        shared_dirty=0,
        private_clean=73728,
        private_dirty=12288,
        referenced=86016,
        anonymous=12288,
        swap=0)
    ],
    "cpu_percent": 0.0,
    "terminal": None,
    "ppid": 1,
    "cwd": "/",
    "nice": 0,
    "status": "running",
    "cpu_times": pcputimes(user=0.2,
    system=0.04,
    children_user=0.13,
    children_system=0.0),
    "io_counters": pio(read_count=15922,
    write_count=275,
    read_bytes=286720,
    write_bytes=73728),
    "memory_info": pmem(rss=29528064,
    vms=183951360,
    shared=6119424,
    text=3018752,
    lib=0,
    data=98394112,
    dirty=0),
    "threads": [
        pthread(id=21500,
        user_time=0.2,
        system_time=0.04),
        pthread(id=21502,
        user_time=0.0,
        system_time=0.0)
    ],
    "open_files": [
        popenfile(path="/var/log/knockdaemon2.log",
        fd=1,
        position=659881493,
        mode="a+",
        flags=33794),
        popenfile(path="/var/log/knockdaemon2.err",
        fd=2,
        position=0,
        mode="a+",
        flags=33794)
    ],
    "name": "knockdaemon2",
    "num_threads": 2,
    "exe": "/usr/share/python/knockdaemon2/bin/python2",
    "uids": puids(real=0,
    effective=0,
    saved=0),
    "gids": pgids(real=0,
    effective=0,
    saved=0),
    "cpu_affinity": [
        0,
        1,
        2,
        3
    ],
    "memory_percent": 0.7308592342170852,
    "environ": {
        "LANG": "en_US.UTF-8",
        "LC_IDENTIFICATION": "fr_FR.UTF-8",
        "LC_NUMERIC": "fr_FR.UTF-8",
        "LC_MONETARY": "fr_FR.UTF-8",
        "LC_MEASUREMENT": "fr_FR.UTF-8",
        "LC_TELEPHONE": "fr_FR.UTF-8",
        "LC_ADDRESS": "fr_FR.UTF-8",
        "PWD": "/",
        "LC_PAPER": "fr_FR.UTF-8",
        "LC_NAME": "fr_FR.UTF-8",
        "PATH": "/usr/local/sbin:/usr/local/bin:/usr/sbin:/usr/bin:/sbin:/bin",
        "LC_TIME": "fr_FR.UTF-8"
    }
}


