127.0.0.1:6379> INFO
# Server
redis_version:2.8.17
redis_git_sha1:00000000
redis_git_dirty:0
redis_build_id:7986fa37b82c8c8b
redis_mode:standalone
os:Linux 3.16.0-4-amd64 x86_64
arch_bits:64
multiplexing_api:epoll
gcc_version:4.9.1
process_id:16779
run_id:7638749ba5f4acfeb9e1ec0d0b6c068a07f0ac88
tcp_port:6379
uptime_in_seconds:4296494
uptime_in_days:49
hz:10
lru_clock:5319753
config_file:/etc/redis/redis.conf

# Clients
connected_clients:31
client_longest_output_list:0
client_biggest_input_buf:0
blocked_clients:0

# Memory
used_memory:1246136
used_memory_human:1.19M
used_memory_rss:3719168
used_memory_peak:13640064
used_memory_peak_human:13.01M
used_memory_lua:33792
mem_fragmentation_ratio:2.98
mem_allocator:jemalloc-3.6.0

# Persistence
loading:0
rdb_changes_since_last_save:4148157
rdb_bgsave_in_progress:0
rdb_last_save_time:1460641051
rdb_last_bgsave_status:ok
rdb_last_bgsave_time_sec:-1
rdb_current_bgsave_time_sec:-1
aof_enabled:1
aof_rewrite_in_progress:0
aof_rewrite_scheduled:0
aof_last_rewrite_time_sec:0
aof_current_rewrite_time_sec:-1
aof_last_bgrewrite_status:ok
aof_last_write_status:ok
aof_current_size:48355694
aof_base_size:116793
aof_pending_rewrite:0
aof_buffer_length:0
aof_rewrite_buffer_length:0
aof_pending_bio_fsync:0
aof_delayed_fsync:1

# Stats
total_connections_received:3854880
total_commands_processed:7950541
instantaneous_ops_per_sec:0
rejected_connections:0
sync_full:0
sync_partial_ok:0
sync_partial_err:0
expired_keys:20930
evicted_keys:0
keyspace_hits:4209088
keyspace_misses:21994
pubsub_channels:0
pubsub_patterns:0
latest_fork_usec:122

# Replication
role:master
connected_slaves:0
master_repl_offset:0
repl_backlog_active:0
repl_backlog_size:1048576
repl_backlog_first_byte_offset:0
repl_backlog_histlen:0

# CPU
used_cpu_sys:2178.74
used_cpu_user:1150.81
used_cpu_sys_children:0.00
used_cpu_user_children:0.00

# Keyspace
db0:keys=3,expires=3,avg_ttl=7193838
db1:keys=12,expires=12,avg_ttl=1358926109
db3:keys=8,expires=8,avg_ttl=163087558
db4:keys=280,expires=280,avg_ttl=8430758
